# BLASTP 2.5.0+
# Query: XP_037266979.1 glucose-6-phosphatase [Falco rusticolus]
# Database: selfdb
# Fields: query acc., subject acc., % identity, alignment length, mismatches, gap opens, q. start, q. end, s. start, s. end, evalue, bit score
# 106 hits found
XP_037266979.1	XP_037266979.1	100.000	358	0	0	1	358	1	358	0.0	733
XP_037266979.1	XP_005439497.2	99.721	358	1	0	1	358	1	358	0.0	731
XP_037266979.1	XP_005238894.2	99.441	358	2	0	1	358	1	358	0.0	727
XP_037266979.1	XP_009460192.1	94.413	358	20	0	1	358	54	411	0.0	698
XP_037266979.1	XP_009892089.1	93.855	358	22	0	1	358	1	358	0.0	693
XP_037266979.1	XP_010187293.1	93.557	357	23	0	1	357	1	357	0.0	691
XP_037266979.1	KFQ94573.1	94.901	353	18	0	4	356	1	353	0.0	690
XP_037266979.1	XP_029877954.1	93.575	358	23	0	1	358	1	358	0.0	688
XP_037266979.1	KFQ38853.1	94.318	352	20	0	5	356	1	352	0.0	687
XP_037266979.1	XP_014814680.1	91.620	358	30	0	1	358	1	358	0.0	686
XP_037266979.1	XP_005513636.2	93.017	358	25	0	1	358	1	358	0.0	686
XP_037266979.1	KGL85810.1	94.334	353	20	0	4	356	1	353	0.0	686
XP_037266979.1	XP_009982315.1	93.575	358	23	0	1	358	1	358	0.0	686
XP_037266979.1	XP_010295685.1	92.179	358	28	0	1	358	61	418	0.0	686
XP_037266979.1	XP_010583936.1	93.296	358	24	0	1	358	1	358	0.0	684
XP_037266979.1	KFP08967.1	93.201	353	24	0	4	356	1	353	0.0	682
XP_037266979.1	XP_008936739.1	92.437	357	27	0	1	357	1	357	0.0	679
XP_037266979.1	PKU41280.1	92.179	358	28	0	1	358	1	358	0.0	679
XP_037266979.1	KFV16020.1	94.051	353	21	0	4	356	1	353	0.0	678
XP_037266979.1	KFQ28029.1	93.201	353	24	0	4	356	1	353	0.0	677
XP_037266979.1	KFQ70770.1	92.635	353	26	0	4	356	1	353	0.0	676
XP_037266979.1	OPJ74548.1	90.782	358	33	0	1	358	1	358	0.0	676
XP_037266979.1	XP_010207956.1	90.756	357	33	0	1	357	1	357	0.0	675
XP_037266979.1	XP_010207957.1	90.756	357	33	0	1	357	1	357	0.0	675
XP_037266979.1	KFQ16131.1	92.351	353	27	0	4	356	1	353	0.0	674
XP_037266979.1	XP_030364364.1	91.036	357	32	0	1	357	1	357	0.0	673
XP_037266979.1	XP_021233644.1	90.782	358	33	0	1	358	75	432	0.0	671
XP_037266979.1	KFV54932.1	92.264	349	27	0	8	356	1	349	0.0	671
XP_037266979.1	KFP28446.1	91.218	353	31	0	4	356	1	353	0.0	669
XP_037266979.1	XP_031456423.1	91.061	358	32	0	1	358	75	432	0.0	669
XP_037266979.1	XP_009553670.1	91.341	358	31	0	1	358	1	358	0.0	666
XP_037266979.1	XP_003642865.1	89.944	358	36	0	1	358	75	432	0.0	666
XP_037266979.1	XP_004948688.1	89.944	358	36	0	1	358	75	432	0.0	666
XP_037266979.1	XP_015741500.1	89.665	358	37	0	1	358	75	432	0.0	665
XP_037266979.1	KFU87009.1	90.368	353	34	0	4	356	1	353	0.0	665
XP_037266979.1	XP_008503927.1	88.796	357	40	0	1	357	1	357	0.0	665
XP_037266979.1	XP_030321679.1	88.796	357	40	0	1	357	1	357	0.0	665
XP_037266979.1	XP_005139910.2	89.916	357	36	0	1	357	1	357	0.0	665
XP_037266979.1	XP_009079850.1	89.636	357	37	0	1	357	1	357	0.0	664
XP_037266979.1	XP_026720573.1	89.665	358	35	1	1	358	62	417	0.0	662
XP_037266979.1	KFO72113.1	91.785	353	29	0	4	356	1	353	0.0	660
XP_037266979.1	KFO97556.1	89.235	353	38	0	4	356	1	353	0.0	660
XP_037266979.1	KFP87454.1	90.341	352	34	0	5	356	2	353	0.0	659
XP_037266979.1	XP_009899158.1	89.106	358	39	0	1	358	39	396	0.0	659
XP_037266979.1	KQK79067.1	89.076	357	39	0	1	357	1	357	0.0	656
XP_037266979.1	XP_027751872.1	88.235	357	42	0	1	357	1	357	0.0	655
XP_037266979.1	KAF1488921.1	92.458	358	27	0	1	358	1	358	0.0	654
XP_037266979.1	KAF1487788.1	92.737	358	26	0	1	358	1	358	0.0	653
XP_037266979.1	KAF1671963.1	92.737	358	26	0	1	358	1	358	0.0	653
XP_037266979.1	XP_009281191.1	92.737	358	26	0	1	358	1	358	0.0	652
XP_037266979.1	KAF1663616.1	92.737	358	26	0	1	358	1	358	0.0	652
XP_037266979.1	KAF1546409.1	92.458	358	27	0	1	358	1	358	0.0	652
XP_037266979.1	KAF1548696.1	92.458	358	27	0	1	358	1	358	0.0	652
XP_037266979.1	KAF1404242.1	92.458	358	27	0	1	358	1	358	0.0	652
XP_037266979.1	KAF1432837.1	92.458	358	27	0	1	358	1	358	0.0	652
XP_037266979.1	KAF1440782.1	92.458	358	27	0	1	358	1	358	0.0	652
XP_037266979.1	KAF1459431.1	92.458	358	27	0	1	358	1	358	0.0	652
XP_037266979.1	KAF1524284.1	92.458	358	27	0	1	358	1	358	0.0	652
XP_037266979.1	KFV67652.1	89.518	353	37	0	4	356	1	353	0.0	651
XP_037266979.1	XP_009324864.1	92.458	358	27	0	1	358	1	358	0.0	651
XP_037266979.1	KAF1561075.1	92.179	358	28	0	1	358	1	358	0.0	651
XP_037266979.1	KAF1642821.1	92.179	358	28	0	1	358	1	358	0.0	651
XP_037266979.1	KFM01312.1	92.978	356	25	0	1	356	1	356	0.0	650
XP_037266979.1	KAF1464082.1	92.179	358	28	0	1	358	1	358	0.0	650
XP_037266979.1	KAF1464176.1	92.179	358	28	0	1	358	1	358	0.0	650
XP_037266979.1	KAF1471003.1	92.179	358	28	0	1	358	1	358	0.0	650
XP_037266979.1	KAF1473286.1	92.179	358	28	0	1	358	1	358	0.0	650
XP_037266979.1	KAF1584371.1	92.458	358	27	0	1	358	1	358	0.0	650
XP_037266979.1	KAF1604860.1	92.458	358	27	0	1	358	1	358	0.0	650
XP_037266979.1	KAF1578265.1	92.179	358	28	0	1	358	1	358	0.0	649
XP_037266979.1	KAF1627266.1	92.179	358	28	0	1	358	1	358	0.0	649
XP_037266979.1	KFW61438.1	92.697	356	26	0	1	356	1	356	0.0	649
XP_037266979.1	XP_027520533.1	86.835	357	47	0	1	357	1	357	0.0	649
XP_037266979.1	XP_032566992.1	86.555	357	48	0	1	357	1	357	0.0	648
XP_037266979.1	XP_027601652.1	86.835	357	47	0	1	357	1	357	0.0	647
XP_037266979.1	XP_014740911.1	87.395	357	45	0	1	357	1	357	0.0	646
XP_037266979.1	XP_017689608.1	86.555	357	48	0	1	357	1	357	0.0	645
XP_037266979.1	XP_027301312.1	89.665	358	37	0	1	358	1	358	0.0	644
XP_037266979.1	XP_023798483.1	87.115	357	46	0	1	357	1	357	0.0	644
XP_037266979.1	XP_008922173.2	86.275	357	49	0	1	357	1	357	0.0	643
XP_037266979.1	XP_031990407.1	86.835	357	47	0	1	357	1	357	0.0	643
XP_037266979.1	XP_008638823.1	86.555	357	48	0	1	357	1	357	0.0	642
XP_037266979.1	XP_010411101.1	86.555	357	48	0	1	357	1	357	0.0	642
XP_037266979.1	XP_009094733.1	87.115	357	46	0	1	357	1	357	0.0	642
XP_037266979.1	XP_032934646.1	87.115	357	46	0	1	357	1	357	0.0	642
XP_037266979.1	XP_027558020.1	85.714	357	51	0	1	357	1	357	0.0	641
XP_037266979.1	XP_021388517.1	86.555	357	48	0	1	357	1	357	0.0	640
XP_037266979.1	XP_015506695.1	86.275	357	49	0	1	357	1	357	0.0	640
XP_037266979.1	XP_005531541.2	87.115	357	45	1	1	357	1	356	0.0	639
XP_037266979.1	KAF4787459.1	85.994	357	50	0	1	357	1	357	0.0	638
XP_037266979.1	KFO52652.1	86.969	353	46	0	4	356	1	353	0.0	637
XP_037266979.1	XP_005429668.1	86.835	357	46	1	1	356	1	357	0.0	636
XP_037266979.1	XP_005059732.1	86.034	358	49	1	1	357	1	358	0.0	634
XP_037266979.1	XP_004174736.3	85.434	357	52	0	1	357	1	357	0.0	634
XP_037266979.1	KFW81030.1	86.402	353	48	0	4	356	1	353	0.0	634
XP_037266979.1	XP_030822190.1	86.034	358	49	1	1	357	1	358	0.0	632
XP_037266979.1	XP_009943063.1	87.861	346	20	1	13	358	16	339	0.0	616
XP_037266979.1	KFR03283.1	87.791	344	19	1	13	356	1	321	0.0	611
XP_037266979.1	KFZ68785.1	92.642	299	22	0	5	303	1	299	0.0	574
XP_037266979.1	XP_025900367.1	73.743	358	71	1	1	358	1	335	0.0	518
XP_037266979.1	XP_009870532.1	71.547	362	35	5	1	358	1	298	2.14e-175	482
XP_037266979.1	XP_013806897.1	81.004	279	53	0	1	279	1	279	5.10e-173	476
XP_037266979.1	XP_025969362.1	66.842	380	100	5	1	358	1	376	8.02e-171	474
XP_037266979.1	OWK54800.1	86.498	237	32	0	121	357	1	237	2.05e-151	419
XP_037266979.1	XP_019478895.1	90.000	220	22	0	139	358	1	220	8.66e-147	407
XP_037266979.1	XP_013055223.1	88.000	150	18	0	1	150	1	150	7.83e-98	280
# BLAST processed 1 queries
